{"uuid":"a3467bfc-8a70-47be-adf7-7cd4be9ef4b6","name":"Default Suite","children":["2af764ee-63bf-4fa9-a811-e749f00baa52","9d249b71-25f8-4c82-9217-e5a479cfe834"],"befores":[{"name":"readConfig","status":"broken","statusDetails":{"known":false,"muted":false,"flaky":false,"message":"java.io.FileNotFoundException: C:\\Users\\asus\\IdeaProjects\\Assignment03_22550072\\src\\test\\java\\Config\\Config.properties (The system cannot find the file specified)","trace":"java.lang.RuntimeException: java.io.FileNotFoundException: C:\\Users\\asus\\IdeaProjects\\Assignment03_22550072\\src\\test\\java\\Config\\Config.properties (The system cannot find the file specified)\r\n\tat Base.BaseTest.readConfig(BaseTest.java:39)\r\n\tat java.base/jdk.internal.reflect.DirectMethodHandleAccessor.invoke(DirectMethodHandleAccessor.java:103)\r\n\tat java.base/java.lang.reflect.Method.invoke(Method.java:580)\r\n\tat org.testng.internal.invokers.MethodInvocationHelper.invokeMethod(MethodInvocationHelper.java:141)\r\n\tat org.testng.internal.invokers.MethodInvocationHelper.invokeMethodConsideringTimeout(MethodInvocationHelper.java:71)\r\n\tat org.testng.internal.invokers.ConfigInvoker.invokeConfigurationMethod(ConfigInvoker.java:400)\r\n\tat org.testng.internal.invokers.ConfigInvoker.invokeConfigurations(ConfigInvoker.java:333)\r\n\tat org.testng.SuiteRunner.privateRun(SuiteRunner.java:358)\r\n\tat org.testng.SuiteRunner.run(SuiteRunner.java:312)\r\n\tat org.testng.SuiteRunnerWorker.runSuite(SuiteRunnerWorker.java:52)\r\n\tat org.testng.SuiteRunnerWorker.run(SuiteRunnerWorker.java:95)\r\n\tat org.testng.TestNG.runSuitesSequentially(TestNG.java:1274)\r\n\tat org.testng.TestNG.runSuitesLocally(TestNG.java:1208)\r\n\tat org.testng.TestNG.runSuites(TestNG.java:1112)\r\n\tat org.testng.TestNG.run(TestNG.java:1079)\r\n\tat com.intellij.rt.testng.IDEARemoteTestNG.run(IDEARemoteTestNG.java:65)\r\n\tat com.intellij.rt.testng.RemoteTestNGStarter.main(RemoteTestNGStarter.java:105)\r\nCaused by: java.io.FileNotFoundException: C:\\Users\\asus\\IdeaProjects\\Assignment03_22550072\\src\\test\\java\\Config\\Config.properties (The system cannot find the file specified)\r\n\tat java.base/java.io.FileInputStream.open0(Native Method)\r\n\tat java.base/java.io.FileInputStream.open(FileInputStream.java:213)\r\n\tat java.base/java.io.FileInputStream.<init>(FileInputStream.java:152)\r\n\tat java.base/java.io.FileInputStream.<init>(FileInputStream.java:106)\r\n\tat Base.BaseTest.readConfig(BaseTest.java:36)\r\n\t... 16 more\r\n"},"stage":"finished","description":"","steps":[],"attachments":[],"parameters":[],"start":1736711259631,"stop":1736711259640}],"afters":[{"name":"tearDownReport","status":"broken","stage":"finished","description":"","steps":[],"attachments":[],"parameters":[],"start":1736711259886,"stop":1736711259886}],"start":1736711259607,"stop":1736711259887}